#
# There is insufficient memory for the Java Runtime Environment to continue.
# Native memory allocation (malloc) failed to allocate 121136 bytes for Chunk::new
# Possible reasons:
#   The system is out of physical RAM or swap space
#   In 32 bit mode, the process size limit was hit
# Possible solutions:
#   Reduce memory load on the system
#   Increase physical memory or swap space
#   Check if swap backing store is full
#   Use 64 bit Java on a 64 bit OS
#   Decrease Java heap size (-Xmx/-Xms)
#   Decrease number of Java threads
#   Decrease Java thread stack sizes (-Xss)
#   Set larger code cache with -XX:ReservedCodeCacheSize=
# This output file may be truncated or incomplete.
#
#  Out of Memory Error (allocation.cpp:390), pid=93860, tid=0x00000000000169a4
#
# JRE version: Java(TM) SE Runtime Environment (8.0_111-b14) (build 1.8.0_111-b14)
# Java VM: Java HotSpot(TM) 64-Bit Server VM (25.111-b14 mixed mode windows-amd64 compressed oops)
# Failed to write core dump. Minidumps are not enabled by default on client versions of Windows
#

---------------  T H R E A D  ---------------

Current thread (0x0000000014438800):  JavaThread "C2 CompilerThread1" daemon [_thread_in_native, id=92580, stack(0x0000000014830000,0x0000000014930000)]

Stack: [0x0000000014830000,0x0000000014930000]
[error occurred during error reporting (printing stack bounds), id 0xc0000005]

Native frames: (J=compiled Java code, j=interpreted, Vv=VM code, C=native code)


Current CompileTask:
C2:   3104  915       4       sun.nio.fs.WindowsPath::getName (47 bytes)


---------------  P R O C E S S  ---------------

Java Threads: ( => current thread )
  0x0000000014445800 JavaThread "Service Thread" daemon [_thread_blocked, id=94088, stack(0x0000000014a30000,0x0000000014b30000)]
  0x000000001443b000 JavaThread "C1 CompilerThread2" daemon [_thread_blocked, id=92616, stack(0x0000000014930000,0x0000000014a30000)]
=>0x0000000014438800 JavaThread "C2 CompilerThread1" daemon [_thread_in_native, id=92580, stack(0x0000000014830000,0x0000000014930000)]
  0x0000000012d09800 JavaThread "C2 CompilerThread0" daemon [_thread_in_native, id=85168, stack(0x0000000014330000,0x0000000014430000)]
  0x0000000012d07000 JavaThread "Attach Listener" daemon [_thread_blocked, id=88764, stack(0x0000000014230000,0x0000000014330000)]
  0x0000000012d06000 JavaThread "Signal Dispatcher" daemon [_thread_blocked, id=20968, stack(0x0000000014130000,0x0000000014230000)]
  0x0000000012ce0000 JavaThread "Finalizer" daemon [_thread_blocked, id=91644, stack(0x0000000013f50000,0x0000000014050000)]
  0x0000000002988800 JavaThread "Reference Handler" daemon [_thread_blocked, id=93056, stack(0x0000000013e50000,0x0000000013f50000)]
  0x0000000002897000 JavaThread "main" [_thread_in_native, id=92416, stack(0x0000000002700000,0x0000000002800000)]

Other Threads:
  0x0000000012cb8000 VMThread [stack: 0x0000000013d50000,0x0000000013e50000] [id=90752]
  0x00000000144a6000 WatcherThread [stack: 0x0000000014b30000,0x0000000014c30000] [id=90760]

VM state:not at safepoint (normal execution)

VM Mutex/Monitor currently owned by a thread: None

Heap:
 PSYoungGen      total 18944K, used 18648K [0x00000000feb00000, 0x0000000100000000, 0x0000000100000000)
  eden space 16384K, 98% used [0x00000000feb00000,0x00000000ffaba2d0,0x00000000ffb00000)
  from space 2560K, 99% used [0x00000000ffb00000,0x00000000ffd7c020,0x00000000ffd80000)
  to   space 2560K, 0% used [0x00000000ffd80000,0x00000000ffd80000,0x0000000100000000)
 ParOldGen       total 44032K, used 1423K [0x00000000fc000000, 0x00000000feb00000, 0x00000000feb00000)
  object space 44032K, 3% used [0x00000000fc000000,0x00000000fc163d80,0x00000000feb00000)
 Metaspace       used 7652K, capacity 7816K, committed 7936K, reserved 1056768K
  class space    used 909K, capacity 988K, committed 1024K, reserved 1048576K

Card table byte_map: [0x0000000000e00000,0x0000000000e30000] byte_map_base: 0x0000000000620000

Marking Bits: (ParMarkBitMap*) 0x000000007439a6c0
 Begin Bits: [0x0000000012150000, 0x0000000012250000)
 End Bits:   [0x0000000012250000, 0x0000000012350000)

Polling page: 0x0000000000cd0000

CodeCache: size=245760Kb used=3514Kb max_used=3514Kb free=242245Kb
 bounds [0x0000000002990000, 0x0000000002d10000, 0x0000000011990000]
 total_blobs=1246 nmethods=913 adapters=246
 compilation: enabled

Compilation events (10 events):
Event: 3.087 Thread 0x000000001443b000 nmethod 910 0x0000000002cff450 code [0x0000000002cff600, 0x0000000002cffbe8]
Event: 3.088 Thread 0x000000001443b000  911   !   3       sun.nio.fs.WindowsFileAttributeViews$Basic::readAttributes (30 bytes)
Event: 3.088 Thread 0x000000001443b000 nmethod 911 0x0000000002cffe90 code [0x0000000002d00040, 0x0000000002d005a8]
Event: 3.088 Thread 0x000000001443b000  912       3       java.nio.file.FileTreeWalker$Event::<init> (26 bytes)
Event: 3.088 Thread 0x000000001443b000 nmethod 912 0x0000000002ce40d0 code [0x0000000002ce4220, 0x0000000002ce4430]
Event: 3.088 Thread 0x000000001443b000  913       3       sun.nio.fs.WindowsPath$WindowsPathWithAttributes::getFileSystem (5 bytes)
Event: 3.089 Thread 0x000000001443b000 nmethod 913 0x0000000002cf6ad0 code [0x0000000002cf6c20, 0x0000000002cf6d90]
Event: 3.089 Thread 0x000000001443b000  914       3       java.util.ArrayDeque::peek (5 bytes)
Event: 3.089 Thread 0x000000001443b000 nmethod 914 0x0000000002d007d0 code [0x0000000002d00940, 0x0000000002d00b30]
Event: 3.095 Thread 0x0000000014438800  915       4       sun.nio.fs.WindowsPath::getName (47 bytes)

GC Heap History (2 events):
Event: 1.533 GC heap before
{Heap before GC invocations=1 (full 0):
 PSYoungGen      total 18944K, used 16384K [0x00000000feb00000, 0x0000000100000000, 0x0000000100000000)
  eden space 16384K, 100% used [0x00000000feb00000,0x00000000ffb00000,0x00000000ffb00000)
  from space 2560K, 0% used [0x00000000ffd80000,0x00000000ffd80000,0x0000000100000000)
  to   space 2560K, 0% used [0x00000000ffb00000,0x00000000ffb00000,0x00000000ffd80000)
 ParOldGen       total 44032K, used 0K [0x00000000fc000000, 0x00000000feb00000, 0x00000000feb00000)
  object space 44032K, 0% used [0x00000000fc000000,0x00000000fc000000,0x00000000feb00000)
 Metaspace       used 6620K, capacity 6778K, committed 7040K, reserved 1056768K
  class space    used 802K, capacity 855K, committed 896K, reserved 1048576K
Event: 1.549 GC heap after
Heap after GC invocations=1 (full 0):
 PSYoungGen      total 18944K, used 2544K [0x00000000feb00000, 0x0000000100000000, 0x0000000100000000)
  eden space 16384K, 0% used [0x00000000feb00000,0x00000000feb00000,0x00000000ffb00000)
  from space 2560K, 99% used [0x00000000ffb00000,0x00000000ffd7c020,0x00000000ffd80000)
  to   space 2560K, 0% used [0x00000000ffd80000,0x00000000ffd80000,0x0000000100000000)
 ParOldGen       total 44032K, used 1423K [0x00000000fc000000, 0x00000000feb00000, 0x00000000feb00000)
  object space 44032K, 3% used [0x00000000fc000000,0x00000000fc163d80,0x00000000feb00000)
 Metaspace       used 6620K, capacity 6778K, committed 7040K, reserved 1056768K
  class space    used 802K, capacity 855K, committed 896K, reserved 1048576K
}

Deoptimization events (10 events):
Event: 1.412 Thread 0x0000000002897000 Uncommon trap: reason=unstable_if action=reinterpret pc=0x0000000002bb8e98 method=java.util.zip.ZipEntry.setExtra0([BZ)V @ 1
Event: 1.414 Thread 0x0000000002897000 Uncommon trap: reason=unstable_if action=reinterpret pc=0x0000000002bbb388 method=java.util.zip.ZipFile$ZipEntryIterator.hasNext()Z @ 25
Event: 1.414 Thread 0x0000000002897000 Uncommon trap: reason=unstable_if action=reinterpret pc=0x0000000002bbcebc method=java.util.zip.ZipCoder.decoder()Ljava/nio/charset/CharsetDecoder; @ 4
Event: 1.415 Thread 0x0000000002897000 Uncommon trap: reason=unstable_if action=reinterpret pc=0x0000000002bc1fdc method=java.util.zip.ZipFile$ZipEntryIterator.hasNext()Z @ 25
Event: 1.601 Thread 0x0000000002897000 Uncommon trap: reason=unstable_if action=reinterpret pc=0x0000000002bca8b8 method=java.util.zip.ZipCoder.decoder()Ljava/nio/charset/CharsetDecoder; @ 4
Event: 1.641 Thread 0x0000000002897000 Uncommon trap: reason=unloaded action=reinterpret pc=0x0000000002bc61bc method=java.util.zip.ZipEntry.setExtra0([BZ)V @ 37
Event: 1.957 Thread 0x0000000002897000 Uncommon trap: reason=unstable_if action=reinterpret pc=0x0000000002b24838 method=java.lang.String.<init>([CII)V @ 18
Event: 2.171 Thread 0x0000000002897000 Uncommon trap: reason=unstable_if action=reinterpret pc=0x0000000002ca55a0 method=org.objectweb.asm.Item.a(Lorg/objectweb/asm/Item;)Z @ 345
Event: 2.178 Thread 0x0000000002897000 Uncommon trap: reason=unstable_if action=reinterpret pc=0x0000000002c31ee4 method=org.objectweb.asm.ClassReader.a(II[C)Ljava/lang/String; @ 77
Event: 2.190 Thread 0x0000000002897000 Uncommon trap: reason=unstable_if action=reinterpret pc=0x0000000002cb4de4 method=org.objectweb.asm.ByteVector.putUTF8(Ljava/lang/String;)Lorg/objectweb/asm/ByteVector; @ 98

Internal exceptions (10 events):
Event: 1.661 Thread 0x0000000002897000 Exception <a 'sun/nio/fs/WindowsException'> (0x00000000ff219d10) thrown at [C:\re\workspace\8-2-build-windows-amd64-cygwin\jdk8u111\7883\hotspot\src\share\vm\prims\jni.cpp, line 709]
Event: 1.661 Thread 0x0000000002897000 Exception <a 'sun/nio/fs/WindowsException'> (0x00000000ff21a2e8) thrown at [C:\re\workspace\8-2-build-windows-amd64-cygwin\jdk8u111\7883\hotspot\src\share\vm\prims\jni.cpp, line 709]
Event: 1.662 Thread 0x0000000002897000 Exception <a 'sun/nio/fs/WindowsException'> (0x00000000ff21aab8) thrown at [C:\re\workspace\8-2-build-windows-amd64-cygwin\jdk8u111\7883\hotspot\src\share\vm\prims\jni.cpp, line 709]
Event: 1.662 Thread 0x0000000002897000 Exception <a 'sun/nio/fs/WindowsException'> (0x00000000ff21b068) thrown at [C:\re\workspace\8-2-build-windows-amd64-cygwin\jdk8u111\7883\hotspot\src\share\vm\prims\jni.cpp, line 709]
Event: 1.662 Thread 0x0000000002897000 Exception <a 'sun/nio/fs/WindowsException'> (0x00000000ff21b818) thrown at [C:\re\workspace\8-2-build-windows-amd64-cygwin\jdk8u111\7883\hotspot\src\share\vm\prims\jni.cpp, line 709]
Event: 1.672 Thread 0x0000000002897000 Exception <a 'sun/nio/fs/WindowsException'> (0x00000000ff220bf0) thrown at [C:\re\workspace\8-2-build-windows-amd64-cygwin\jdk8u111\7883\hotspot\src\share\vm\prims\jni.cpp, line 709]
Event: 1.771 Thread 0x0000000002897000 Exception <a 'sun/nio/fs/WindowsException'> (0x00000000ff342e78) thrown at [C:\re\workspace\8-2-build-windows-amd64-cygwin\jdk8u111\7883\hotspot\src\share\vm\prims\jni.cpp, line 709]
Event: 1.772 Thread 0x0000000002897000 Exception <a 'sun/nio/fs/WindowsException'> (0x00000000ff343470) thrown at [C:\re\workspace\8-2-build-windows-amd64-cygwin\jdk8u111\7883\hotspot\src\share\vm\prims\jni.cpp, line 709]
Event: 2.400 Thread 0x0000000002897000 Exception <a 'sun/nio/fs/WindowsException'> (0x00000000ff8a6cd8) thrown at [C:\re\workspace\8-2-build-windows-amd64-cygwin\jdk8u111\7883\hotspot\src\share\vm\prims\jni.cpp, line 709]
Event: 2.400 Thread 0x0000000002897000 Exception <a 'sun/nio/fs/WindowsException'> (0x00000000ff8a7250) thrown at [C:\re\workspace\8-2-build-windows-amd64-cygwin\jdk8u111\7883\hotspot\src\share\vm\prims\jni.cpp, line 709]

Events (10 events):
Event: 2.178 Thread 0x0000000002897000 DEOPT UNPACKING pc=0x00000000029d582a sp=0x00000000027febd8 mode 2
Event: 2.179 Thread 0x0000000002897000 DEOPT PACKING pc=0x0000000002bb7c8f sp=0x00000000027feda0
Event: 2.179 Thread 0x0000000002897000 DEOPT UNPACKING pc=0x00000000029d787f sp=0x00000000027fea90 mode 0
Event: 2.190 Thread 0x0000000002897000 Uncommon trap: trap_request=0xffffff65 fr.pc=0x0000000002cb4de4
Event: 2.190 Thread 0x0000000002897000 DEOPT PACKING pc=0x0000000002cb4de4 sp=0x00000000027fedd0
Event: 2.190 Thread 0x0000000002897000 DEOPT UNPACKING pc=0x00000000029d582a sp=0x00000000027fed20 mode 2
Event: 2.199 loading class java/util/Vector$Itr
Event: 2.200 loading class java/util/Vector$Itr done
Event: 3.053 loading class com/google/devtools/build/android/desugar/DirectoryOutputFileProvider
Event: 3.053 loading class com/google/devtools/build/android/desugar/DirectoryOutputFileProvider done


Dynamic libraries:
0x00007ff65ba40000 - 0x00007ff65ba77000 	C:\Program Files\Java\jdk1.8.0_111\bin\java.exe
0x00007ff957410000 - 0x00007ff9575bd000 	C:\Windows\SYSTEM32\ntdll.dll
0x00007ff956950000 - 0x00007ff956a8e000 	C:\Windows\system32\KERNEL32.DLL
0x00007ff9547f0000 - 0x00007ff954905000 	C:\Windows\system32\KERNELBASE.dll
0x00007ff953100000 - 0x00007ff95318e000 	C:\Windows\system32\apphelp.dll
0x00007ff92d960000 - 0x00007ff92d9b3000 	C:\Windows\AppPatch\AppPatch64\AcGenral.DLL
0x00007ff956e60000 - 0x00007ff956f0a000 	C:\Windows\system32\msvcrt.dll
0x00007ff954a70000 - 0x00007ff954a9e000 	C:\Windows\system32\SspiCli.dll
0x00007ff9568f0000 - 0x00007ff956944000 	C:\Windows\system32\SHLWAPI.dll
0x00007ff954aa0000 - 0x00007ff954c17000 	C:\Windows\system32\USER32.dll
0x00007ff956670000 - 0x00007ff956804000 	C:\Windows\system32\ole32.dll
0x00007ff954fb0000 - 0x00007ff9564d9000 	C:\Windows\system32\SHELL32.dll
0x00007ff953ae0000 - 0x00007ff953b01000 	C:\Windows\SYSTEM32\USERENV.dll
0x00007ff956f90000 - 0x00007ff95703a000 	C:\Windows\system32\ADVAPI32.dll
0x00007ff94a080000 - 0x00007ff94a09e000 	C:\Windows\SYSTEM32\MPR.dll
0x00007ff9570b0000 - 0x00007ff9571f0000 	C:\Windows\system32\RPCRT4.dll
0x00007ff954de0000 - 0x00007ff954e39000 	C:\Windows\SYSTEM32\sechost.dll
0x00007ff956a90000 - 0x00007ff956ca2000 	C:\Windows\SYSTEM32\combase.dll
0x00007ff954e60000 - 0x00007ff954fab000 	C:\Windows\system32\GDI32.dll
0x00007ff954540000 - 0x00007ff954555000 	C:\Windows\SYSTEM32\profapi.dll
0x00007ff952ab0000 - 0x00007ff952b62000 	C:\Windows\SYSTEM32\SHCORE.dll
0x00007ff9573d0000 - 0x00007ff957406000 	C:\Windows\system32\IMM32.DLL
0x00007ff954c20000 - 0x00007ff954d72000 	C:\Windows\system32\MSCTF.dll
0x00007ff952410000 - 0x00007ff95268b000 	C:\Windows\WinSxS\amd64_microsoft.windows.common-controls_6595b64144ccf1df_6.0.9600.18006_none_623f33d3ecbe86e8\COMCTL32.dll
0x0000000074420000 - 0x00000000744f2000 	C:\Program Files\Java\jdk1.8.0_111\jre\bin\msvcr100.dll
0x0000000073b80000 - 0x000000007441a000 	C:\Program Files\Java\jdk1.8.0_111\jre\bin\server\jvm.dll
0x00007ff94b7a0000 - 0x00007ff94b7a9000 	C:\Windows\SYSTEM32\WSOCK32.dll
0x00007ff94b950000 - 0x00007ff94b972000 	C:\Windows\SYSTEM32\WINMM.dll
0x00007ff94c380000 - 0x00007ff94c38a000 	C:\Windows\SYSTEM32\VERSION.dll
0x00007ff9568e0000 - 0x00007ff9568e7000 	C:\Windows\system32\PSAPI.DLL
0x00007ff954d80000 - 0x00007ff954dda000 	C:\Windows\system32\WS2_32.dll
0x00007ff94b920000 - 0x00007ff94b94a000 	C:\Windows\SYSTEM32\WINMMBASE.dll
0x00007ff956f10000 - 0x00007ff956f19000 	C:\Windows\system32\NSI.dll
0x00007ff954a20000 - 0x00007ff954a6f000 	C:\Windows\SYSTEM32\cfgmgr32.dll
0x00007ff953350000 - 0x00007ff953378000 	C:\Windows\SYSTEM32\DEVOBJ.dll
0x0000000073b70000 - 0x0000000073b7f000 	C:\Program Files\Java\jdk1.8.0_111\jre\bin\verify.dll
0x0000000073b40000 - 0x0000000073b69000 	C:\Program Files\Java\jdk1.8.0_111\jre\bin\java.dll
0x0000000073b20000 - 0x0000000073b36000 	C:\Program Files\Java\jdk1.8.0_111\jre\bin\zip.dll
0x00007ff953fb0000 - 0x00007ff953fd0000 	C:\Windows\SYSTEM32\CRYPTSP.dll
0x00007ff9539f0000 - 0x00007ff953a26000 	C:\Windows\system32\rsaenh.dll
0x00007ff954080000 - 0x00007ff9540a6000 	C:\Windows\SYSTEM32\bcrypt.dll
0x00007ff9543a0000 - 0x00007ff954403000 	C:\Windows\system32\bcryptprimitives.dll
0x00007ff954410000 - 0x00007ff95441b000 	C:\Windows\SYSTEM32\CRYPTBASE.dll
0x0000000073b00000 - 0x0000000073b1a000 	C:\Program Files\Java\jdk1.8.0_111\jre\bin\net.dll
0x00007ff953dd0000 - 0x00007ff953e29000 	C:\Windows\system32\mswsock.dll
0x00007ff94f6e0000 - 0x00007ff94f70a000 	C:\Windows\SYSTEM32\IPHLPAPI.DLL
0x00007ff951c40000 - 0x00007ff951c4a000 	C:\Windows\SYSTEM32\WINNSI.DLL
0x00007ff94d120000 - 0x00007ff94d136000 	C:\Windows\SYSTEM32\dhcpcsvc6.DLL
0x00007ff94d5a0000 - 0x00007ff94d5ba000 	C:\Windows\SYSTEM32\dhcpcsvc.DLL
0x0000000073ae0000 - 0x0000000073af1000 	C:\Program Files\Java\jdk1.8.0_111\jre\bin\nio.dll

VM Arguments:
jvm_args: -Djava.awt.headless=true -Xmx64M -Dfile.encoding=windows-1252 -Duser.country=ZA -Duser.language=en -Duser.variant 
java_command: com.google.devtools.build.android.desugar.Desugar --input C:\Users\Admin\Downloads\Visual Studio Code\AuditionAlert\AuditionAlert\platforms\android\app\build\intermediates\transforms\stackFramesFixer\debug\1.jar --output C:\Users\Admin\Downloads\Visual Studio Code\AuditionAlert\AuditionAlert\platforms\android\app\build\intermediates\transforms\desugar\debug\3.jar --input C:\Users\Admin\Downloads\Visual Studio Code\AuditionAlert\AuditionAlert\platforms\android\app\build\intermediates\transforms\stackFramesFixer\debug\2.jar --output C:\Users\Admin\Downloads\Visual Studio Code\AuditionAlert\AuditionAlert\platforms\android\app\build\intermediates\transforms\desugar\debug\4.jar --input C:\Users\Admin\Downloads\Visual Studio Code\AuditionAlert\AuditionAlert\platforms\android\app\build\intermediates\classes\debug --output C:\Users\Admin\Downloads\Visual Studio Code\AuditionAlert\AuditionAlert\platforms\android\app\build\intermediates\transforms\desugar\debug\1 --classpath_entry C:\Users\Admin\Downloads\Visual Studio Code\AuditionAlert\AuditionAlert\platforms\android\CordovaLib\build\intermediates\intermediate-jars\debug\classes.jar --classpath_entry C:\Users\Admin\Downloads\Visual Studio Code\AuditionAlert\AuditionAlert\platforms\android\app\build\intermediates\classes\debug --classpath_entry C:\Users\Admin\Downloads\Visual Studio Code\AuditionAlert\AuditionAlert\platforms\android\app\build\intermediates\transforms\stackFramesFixer\debug\0.jar --classpath_entry C:\Users\Admin\Downloads\Visual Studio Code\AuditionAlert\AuditionAlert\platforms\android\app\build\intermediates\transforms\stackFramesFixer\debug\1.jar --classpath_entry C:\Users\Admin\Downloads\Visual Studio Code\AuditionAlert\AuditionAlert\platforms\android\app\build\intermediates\transforms\stackFramesFixer\debug\2.jar --classpath_entry C:\Users\Admin\Downloads\Visual Studio Code\AuditionAlert\AuditionAlert\platforms\android\app\build\intermediates\transforms\stackFramesFixer\debug\3.jar --class
java_class_path (initial): C:\Users\Admin\AppData\Local\Temp\desugar_deploy.jar3030346742675295719
Launcher Type: SUN_STANDARD

Environment Variables:
JAVA_HOME=C:\Program Files\java\jdk1.8.0_111
CLASSPATH=C:\Users\Admin\Downloads\Visual Studio Code\AuditionAlert\AuditionAlert\platforms\android\\gradle\wrapper\gradle-wrapper.jar
PATH=C:\ProgramData\Oracle\Java\javapath;C:\Windows\system32;C:\Windows;C:\Windows\System32\Wbem;C:\Windows\System32\WindowsPowerShell\v1.0\;C:\Program Files\Microsoft SQL Server\120\Tools\Binn\;C:\Program Files\Microsoft SQL Server\120\DTS\Binn\;C:\Program Files\Microsoft SQL Server\Client SDK\ODBC\110\Tools\Binn\;C:\Program Files (x86)\Microsoft SQL Server\120\Tools\Binn\;C:\Program Files (x86)\Microsoft SQL Server\120\Tools\Binn\ManagementStudio\;C:\Program Files (x86)\Microsoft SQL Server\120\DTS\Binn\;C:\Program Files\Microsoft\Web Platform Installer\;C:\Program Files (x86)\Microsoft SDKs\Azure\CLI\wbin;C:\Program Files\Microsoft SQL Server\130\Tools\Binn\;C:\Program Files\dotnet\;C:\Program Files (x86)\Skype\Phone\;C:\Program Files\Git\cmd;C:\Program Files\nodejs\;C:\Users\Admin\.dnx\bin;C:\Program Files (x86)\Microsoft VS Code\bin;C:\Users\Admin\AppData\Roaming\npm;C:\Program Files\java\jdk1.8.0_111\bin;C:\Users\Admin\AppData\Local\Android\sdk\tools;C:\Users\Admin\AppData\Local\Android\sdk\platform-tools;C:\Users\Admin\AppData\Local\Android\sdk\tools\bin
USERNAME=Admin
OS=Windows_NT
PROCESSOR_IDENTIFIER=Intel64 Family 6 Model 61 Stepping 4, GenuineIntel



---------------  S Y S T E M  ---------------

OS: Windows 8.1 , 64 bit Build 9600 (6.3.9600.17415)

CPU:total 4 (2 cores per cpu, 2 threads per core) family 6 model 61 stepping 4, cmov, cx8, fxsr, mmx, sse, sse2, sse3, ssse3, sse4.1, sse4.2, popcnt, avx, avx2, aes, clmul, erms, 3dnowpref, lzcnt, ht, tsc, tscinvbit, bmi1, bmi2, adx

Memory: 4k page, physical 8277100k(187568k free), swap 21212216k(4780k free)

vm_info: Java HotSpot(TM) 64-Bit Server VM (25.111-b14) for windows-amd64 JRE (1.8.0_111-b14), built on Sep 22 2016 19:24:05 by "java_re" with MS VC++ 10.0 (VS2010)

time: Sat Jul 07 02:42:01 2018
elapsed time: 3 seconds (0d 0h 0m 3s)

