#
# There is insufficient memory for the Java Runtime Environment to continue.
# Native memory allocation (malloc) failed to allocate 32744 bytes for ChunkPool::allocate
# Possible reasons:
#   The system is out of physical RAM or swap space
#   In 32 bit mode, the process size limit was hit
# Possible solutions:
#   Reduce memory load on the system
#   Increase physical memory or swap space
#   Check if swap backing store is full
#   Use 64 bit Java on a 64 bit OS
#   Decrease Java heap size (-Xmx/-Xms)
#   Decrease number of Java threads
#   Decrease Java thread stack sizes (-Xss)
#   Set larger code cache with -XX:ReservedCodeCacheSize=
# This output file may be truncated or incomplete.
#
#  Out of Memory Error (allocation.cpp:273), pid=92696, tid=0x00000000000123a0
#
# JRE version: Java(TM) SE Runtime Environment (8.0_111-b14) (build 1.8.0_111-b14)
# Java VM: Java HotSpot(TM) 64-Bit Server VM (25.111-b14 mixed mode windows-amd64 compressed oops)
# Failed to write core dump. Minidumps are not enabled by default on client versions of Windows
#

---------------  T H R E A D  ---------------

Current thread (0x000000001230f000):  JavaThread "C2 CompilerThread0" daemon [_thread_in_native, id=74656, stack(0x0000000013940000,0x0000000013a40000)]

Stack: [0x0000000013940000,0x0000000013a40000]
[error occurred during error reporting (printing stack bounds), id 0xc0000005]

Native frames: (J=compiled Java code, j=interpreted, Vv=VM code, C=native code)


Current CompileTask:
C2:   3109  891 %     4       org.objectweb.asm.ClassReader::a @ 1480 (3587 bytes)


---------------  P R O C E S S  ---------------

Java Threads: ( => current thread )
  0x000000001235e800 JavaThread "Service Thread" daemon [_thread_blocked, id=91828, stack(0x0000000014040000,0x0000000014140000)]
  0x000000001235d800 JavaThread "C1 CompilerThread2" daemon [_thread_blocked, id=94116, stack(0x0000000013f40000,0x0000000014040000)]
  0x0000000012357800 JavaThread "C2 CompilerThread1" daemon [_thread_blocked, id=33788, stack(0x0000000013e40000,0x0000000013f40000)]
=>0x000000001230f000 JavaThread "C2 CompilerThread0" daemon [_thread_in_native, id=74656, stack(0x0000000013940000,0x0000000013a40000)]
  0x000000001230c800 JavaThread "Attach Listener" daemon [_thread_blocked, id=92648, stack(0x0000000013840000,0x0000000013940000)]
  0x000000001230b800 JavaThread "Signal Dispatcher" daemon [_thread_blocked, id=70512, stack(0x0000000013740000,0x0000000013840000)]
  0x00000000122f0000 JavaThread "Finalizer" daemon [_thread_blocked, id=88440, stack(0x0000000013550000,0x0000000013650000)]
  0x0000000001f38000 JavaThread "Reference Handler" daemon [_thread_blocked, id=90156, stack(0x0000000013450000,0x0000000013550000)]
  0x0000000001e46800 JavaThread "main" [_thread_in_native, id=91912, stack(0x0000000001d40000,0x0000000001e40000)]

Other Threads:
  0x00000000122c8000 VMThread [stack: 0x0000000013350000,0x0000000013450000] [id=85028]
  0x0000000013ab1000 WatcherThread [stack: 0x0000000014140000,0x0000000014240000] [id=93448]

VM state:not at safepoint (normal execution)

VM Mutex/Monitor currently owned by a thread: None

Heap:
 PSYoungGen      total 18944K, used 18289K [0x00000000feb00000, 0x0000000100000000, 0x0000000100000000)
  eden space 16384K, 96% used [0x00000000feb00000,0x00000000ffa646d0,0x00000000ffb00000)
  from space 2560K, 98% used [0x00000000ffb00000,0x00000000ffd78030,0x00000000ffd80000)
  to   space 2560K, 0% used [0x00000000ffd80000,0x00000000ffd80000,0x0000000100000000)
 ParOldGen       total 44032K, used 1438K [0x00000000fc000000, 0x00000000feb00000, 0x00000000feb00000)
  object space 44032K, 3% used [0x00000000fc000000,0x00000000fc1678d8,0x00000000feb00000)
 Metaspace       used 7665K, capacity 7816K, committed 7936K, reserved 1056768K
  class space    used 910K, capacity 988K, committed 1024K, reserved 1048576K

Card table byte_map: [0x0000000011300000,0x0000000011330000] byte_map_base: 0x0000000010b20000

Marking Bits: (ParMarkBitMap*) 0x000000007439a6c0
 Begin Bits: [0x0000000011730000, 0x0000000011830000)
 End Bits:   [0x0000000011830000, 0x0000000011930000)

Polling page: 0x0000000000390000

CodeCache: size=245760Kb used=3595Kb max_used=3595Kb free=242164Kb
 bounds [0x0000000001f40000, 0x00000000022d0000, 0x0000000010f40000]
 total_blobs=1263 nmethods=930 adapters=246
 compilation: enabled

Compilation events (10 events):
Event: 2.982 Thread 0x000000001235d800  927       3       org.objectweb.asm.Item::<init> (5 bytes)
Event: 2.982 Thread 0x000000001235d800 nmethod 927 0x00000000022c3e10 code [0x00000000022c3f60, 0x00000000022c4110]
Event: 2.982 Thread 0x000000001235d800  928       1       sun.util.calendar.CalendarDate::getYear (5 bytes)
Event: 2.982 Thread 0x000000001235d800 nmethod 928 0x00000000022a4a90 code [0x00000000022a4be0, 0x00000000022a4cf0]
Event: 2.989 Thread 0x000000001235d800  929       3       org.objectweb.asm.MethodVisitor::visitTryCatchBlock (20 bytes)
Event: 2.989 Thread 0x000000001235d800 nmethod 929 0x00000000022c3950 code [0x00000000022c3ac0, 0x00000000022c3d28]
Event: 2.989 Thread 0x000000001235d800  930       3       com.google.devtools.build.android.desugar.LambdaDesugaring$InvokedynamicRewriter::<init> (42 bytes)
Event: 2.990 Thread 0x000000001235d800 nmethod 930 0x00000000022c2b50 code [0x00000000022c2d20, 0x00000000022c3508]
Event: 2.991 Thread 0x000000001235d800  931       3       com.google.devtools.build.android.desugar.DefaultMethodClassFixer::recordIfInstanceMethod (41 bytes)
Event: 2.992 Thread 0x000000001235d800 nmethod 931 0x00000000022c1950 code [0x00000000022c1b60, 0x00000000022c26a8]

GC Heap History (2 events):
Event: 1.582 GC heap before
{Heap before GC invocations=1 (full 0):
 PSYoungGen      total 18944K, used 16384K [0x00000000feb00000, 0x0000000100000000, 0x0000000100000000)
  eden space 16384K, 100% used [0x00000000feb00000,0x00000000ffb00000,0x00000000ffb00000)
  from space 2560K, 0% used [0x00000000ffd80000,0x00000000ffd80000,0x0000000100000000)
  to   space 2560K, 0% used [0x00000000ffb00000,0x00000000ffb00000,0x00000000ffd80000)
 ParOldGen       total 44032K, used 0K [0x00000000fc000000, 0x00000000feb00000, 0x00000000feb00000)
  object space 44032K, 0% used [0x00000000fc000000,0x00000000fc000000,0x00000000feb00000)
 Metaspace       used 6602K, capacity 6714K, committed 6784K, reserved 1056768K
  class space    used 802K, capacity 855K, committed 896K, reserved 1048576K
Event: 1.599 GC heap after
Heap after GC invocations=1 (full 0):
 PSYoungGen      total 18944K, used 2528K [0x00000000feb00000, 0x0000000100000000, 0x0000000100000000)
  eden space 16384K, 0% used [0x00000000feb00000,0x00000000feb00000,0x00000000ffb00000)
  from space 2560K, 98% used [0x00000000ffb00000,0x00000000ffd78030,0x00000000ffd80000)
  to   space 2560K, 0% used [0x00000000ffd80000,0x00000000ffd80000,0x0000000100000000)
 ParOldGen       total 44032K, used 1438K [0x00000000fc000000, 0x00000000feb00000, 0x00000000feb00000)
  object space 44032K, 3% used [0x00000000fc000000,0x00000000fc1678d8,0x00000000feb00000)
 Metaspace       used 6602K, capacity 6714K, committed 6784K, reserved 1056768K
  class space    used 802K, capacity 855K, committed 896K, reserved 1048576K
}

Deoptimization events (10 events):
Event: 1.521 Thread 0x0000000001e46800 Uncommon trap: reason=unstable_if action=reinterpret pc=0x0000000002168c58 method=java.util.zip.ZipEntry.setExtra0([BZ)V @ 1
Event: 1.522 Thread 0x0000000001e46800 Uncommon trap: reason=unstable_if action=reinterpret pc=0x0000000002169108 method=java.util.zip.ZipFile$ZipEntryIterator.hasNext()Z @ 25
Event: 1.522 Thread 0x0000000001e46800 Uncommon trap: reason=unstable_if action=reinterpret pc=0x0000000002171888 method=java.util.zip.ZipCoder.decoder()Ljava/nio/charset/CharsetDecoder; @ 4
Event: 1.544 Thread 0x0000000001e46800 Uncommon trap: reason=unstable_if action=reinterpret pc=0x000000000217641c method=java.util.zip.ZipCoder.decoder()Ljava/nio/charset/CharsetDecoder; @ 4
Event: 1.668 Thread 0x0000000001e46800 Uncommon trap: reason=unstable_if action=reinterpret pc=0x000000000216b580 method=java.util.zip.ZipFile.getZipEntry(Ljava/lang/String;J)Ljava/util/zip/ZipEntry; @ 19
Event: 1.683 Thread 0x0000000001e46800 Uncommon trap: reason=unloaded action=reinterpret pc=0x0000000002166bfc method=java.util.zip.ZipEntry.setExtra0([BZ)V @ 37
Event: 2.564 Thread 0x0000000001e46800 Uncommon trap: reason=unstable_if action=reinterpret pc=0x00000000021ff6d4 method=java.lang.String.<init>([CII)V @ 18
Event: 2.850 Thread 0x0000000001e46800 Uncommon trap: reason=unstable_if action=reinterpret pc=0x000000000222fe10 method=java.lang.String.<init>([CII)V @ 18
Event: 2.959 Thread 0x0000000001e46800 Uncommon trap: reason=bimorphic action=maybe_recompile pc=0x00000000022928b8 method=org.objectweb.asm.MethodVisitor.visitInsn(I)V @ 12
Event: 2.959 Thread 0x0000000001e46800 Uncommon trap: reason=bimorphic action=maybe_recompile pc=0x00000000022928b8 method=org.objectweb.asm.MethodVisitor.visitInsn(I)V @ 12

Internal exceptions (10 events):
Event: 1.694 Thread 0x0000000001e46800 Exception <a 'sun/nio/fs/WindowsException'> (0x00000000ff219848) thrown at [C:\re\workspace\8-2-build-windows-amd64-cygwin\jdk8u111\7883\hotspot\src\share\vm\prims\jni.cpp, line 709]
Event: 1.694 Thread 0x0000000001e46800 Exception <a 'sun/nio/fs/WindowsException'> (0x00000000ff219e20) thrown at [C:\re\workspace\8-2-build-windows-amd64-cygwin\jdk8u111\7883\hotspot\src\share\vm\prims\jni.cpp, line 709]
Event: 1.695 Thread 0x0000000001e46800 Exception <a 'sun/nio/fs/WindowsException'> (0x00000000ff21a5f0) thrown at [C:\re\workspace\8-2-build-windows-amd64-cygwin\jdk8u111\7883\hotspot\src\share\vm\prims\jni.cpp, line 709]
Event: 1.695 Thread 0x0000000001e46800 Exception <a 'sun/nio/fs/WindowsException'> (0x00000000ff21aba0) thrown at [C:\re\workspace\8-2-build-windows-amd64-cygwin\jdk8u111\7883\hotspot\src\share\vm\prims\jni.cpp, line 709]
Event: 1.695 Thread 0x0000000001e46800 Exception <a 'sun/nio/fs/WindowsException'> (0x00000000ff21b350) thrown at [C:\re\workspace\8-2-build-windows-amd64-cygwin\jdk8u111\7883\hotspot\src\share\vm\prims\jni.cpp, line 709]
Event: 1.707 Thread 0x0000000001e46800 Exception <a 'sun/nio/fs/WindowsException'> (0x00000000ff220728) thrown at [C:\re\workspace\8-2-build-windows-amd64-cygwin\jdk8u111\7883\hotspot\src\share\vm\prims\jni.cpp, line 709]
Event: 1.861 Thread 0x0000000001e46800 Exception <a 'sun/nio/fs/WindowsException'> (0x00000000ff342990) thrown at [C:\re\workspace\8-2-build-windows-amd64-cygwin\jdk8u111\7883\hotspot\src\share\vm\prims\jni.cpp, line 709]
Event: 1.861 Thread 0x0000000001e46800 Exception <a 'sun/nio/fs/WindowsException'> (0x00000000ff342f88) thrown at [C:\re\workspace\8-2-build-windows-amd64-cygwin\jdk8u111\7883\hotspot\src\share\vm\prims\jni.cpp, line 709]
Event: 2.013 Thread 0x0000000001e46800 Exception <a 'sun/nio/fs/WindowsException'> (0x00000000ff386738) thrown at [C:\re\workspace\8-2-build-windows-amd64-cygwin\jdk8u111\7883\hotspot\src\share\vm\prims\jni.cpp, line 709]
Event: 2.013 Thread 0x0000000001e46800 Exception <a 'sun/nio/fs/WindowsException'> (0x00000000ff386cb0) thrown at [C:\re\workspace\8-2-build-windows-amd64-cygwin\jdk8u111\7883\hotspot\src\share\vm\prims\jni.cpp, line 709]

Events (10 events):
Event: 2.564 Thread 0x0000000001e46800 DEOPT UNPACKING pc=0x0000000001f8582a sp=0x0000000001e3e7c0 mode 2
Event: 2.850 Thread 0x0000000001e46800 Uncommon trap: trap_request=0xffffff65 fr.pc=0x000000000222fe10
Event: 2.850 Thread 0x0000000001e46800 DEOPT PACKING pc=0x000000000222fe10 sp=0x0000000001e3e7c0
Event: 2.851 Thread 0x0000000001e46800 DEOPT UNPACKING pc=0x0000000001f8582a sp=0x0000000001e3e678 mode 2
Event: 2.959 Thread 0x0000000001e46800 Uncommon trap: trap_request=0xffffffc6 fr.pc=0x00000000022928b8
Event: 2.959 Thread 0x0000000001e46800 DEOPT PACKING pc=0x00000000022928b8 sp=0x0000000001e3eb10
Event: 2.959 Thread 0x0000000001e46800 DEOPT UNPACKING pc=0x0000000001f8582a sp=0x0000000001e3eab0 mode 2
Event: 2.959 Thread 0x0000000001e46800 Uncommon trap: trap_request=0xffffffc6 fr.pc=0x00000000022928b8
Event: 2.959 Thread 0x0000000001e46800 DEOPT PACKING pc=0x00000000022928b8 sp=0x0000000001e3eb10
Event: 2.959 Thread 0x0000000001e46800 DEOPT UNPACKING pc=0x0000000001f8582a sp=0x0000000001e3eab0 mode 2


Dynamic libraries:
0x00007ff65ba40000 - 0x00007ff65ba77000 	C:\Program Files\Java\jdk1.8.0_111\bin\java.exe
0x00007ff957410000 - 0x00007ff9575bd000 	C:\Windows\SYSTEM32\ntdll.dll
0x00007ff956950000 - 0x00007ff956a8e000 	C:\Windows\system32\KERNEL32.DLL
0x00007ff9547f0000 - 0x00007ff954905000 	C:\Windows\system32\KERNELBASE.dll
0x00007ff953100000 - 0x00007ff95318e000 	C:\Windows\system32\apphelp.dll
0x00007ff92d960000 - 0x00007ff92d9b3000 	C:\Windows\AppPatch\AppPatch64\AcGenral.DLL
0x00007ff956e60000 - 0x00007ff956f0a000 	C:\Windows\system32\msvcrt.dll
0x00007ff954a70000 - 0x00007ff954a9e000 	C:\Windows\system32\SspiCli.dll
0x00007ff9568f0000 - 0x00007ff956944000 	C:\Windows\system32\SHLWAPI.dll
0x00007ff954aa0000 - 0x00007ff954c17000 	C:\Windows\system32\USER32.dll
0x00007ff956670000 - 0x00007ff956804000 	C:\Windows\system32\ole32.dll
0x00007ff954fb0000 - 0x00007ff9564d9000 	C:\Windows\system32\SHELL32.dll
0x00007ff953ae0000 - 0x00007ff953b01000 	C:\Windows\SYSTEM32\USERENV.dll
0x00007ff956f90000 - 0x00007ff95703a000 	C:\Windows\system32\ADVAPI32.dll
0x00007ff94a080000 - 0x00007ff94a09e000 	C:\Windows\SYSTEM32\MPR.dll
0x00007ff9570b0000 - 0x00007ff9571f0000 	C:\Windows\system32\RPCRT4.dll
0x00007ff954de0000 - 0x00007ff954e39000 	C:\Windows\SYSTEM32\sechost.dll
0x00007ff956a90000 - 0x00007ff956ca2000 	C:\Windows\SYSTEM32\combase.dll
0x00007ff954e60000 - 0x00007ff954fab000 	C:\Windows\system32\GDI32.dll
0x00007ff954540000 - 0x00007ff954555000 	C:\Windows\SYSTEM32\profapi.dll
0x00007ff952ab0000 - 0x00007ff952b62000 	C:\Windows\SYSTEM32\SHCORE.dll
0x00007ff9573d0000 - 0x00007ff957406000 	C:\Windows\system32\IMM32.DLL
0x00007ff954c20000 - 0x00007ff954d72000 	C:\Windows\system32\MSCTF.dll
0x00007ff952410000 - 0x00007ff95268b000 	C:\Windows\WinSxS\amd64_microsoft.windows.common-controls_6595b64144ccf1df_6.0.9600.18006_none_623f33d3ecbe86e8\COMCTL32.dll
0x0000000074420000 - 0x00000000744f2000 	C:\Program Files\Java\jdk1.8.0_111\jre\bin\msvcr100.dll
0x0000000073b80000 - 0x000000007441a000 	C:\Program Files\Java\jdk1.8.0_111\jre\bin\server\jvm.dll
0x00007ff94b7a0000 - 0x00007ff94b7a9000 	C:\Windows\SYSTEM32\WSOCK32.dll
0x00007ff94b950000 - 0x00007ff94b972000 	C:\Windows\SYSTEM32\WINMM.dll
0x00007ff94c380000 - 0x00007ff94c38a000 	C:\Windows\SYSTEM32\VERSION.dll
0x00007ff9568e0000 - 0x00007ff9568e7000 	C:\Windows\system32\PSAPI.DLL
0x00007ff954d80000 - 0x00007ff954dda000 	C:\Windows\system32\WS2_32.dll
0x00007ff94b920000 - 0x00007ff94b94a000 	C:\Windows\SYSTEM32\WINMMBASE.dll
0x00007ff956f10000 - 0x00007ff956f19000 	C:\Windows\system32\NSI.dll
0x00007ff954a20000 - 0x00007ff954a6f000 	C:\Windows\SYSTEM32\cfgmgr32.dll
0x00007ff953350000 - 0x00007ff953378000 	C:\Windows\SYSTEM32\DEVOBJ.dll
0x0000000073b70000 - 0x0000000073b7f000 	C:\Program Files\Java\jdk1.8.0_111\jre\bin\verify.dll
0x0000000073b40000 - 0x0000000073b69000 	C:\Program Files\Java\jdk1.8.0_111\jre\bin\java.dll
0x0000000073b20000 - 0x0000000073b36000 	C:\Program Files\Java\jdk1.8.0_111\jre\bin\zip.dll
0x00007ff953fb0000 - 0x00007ff953fd0000 	C:\Windows\SYSTEM32\CRYPTSP.dll
0x00007ff9539f0000 - 0x00007ff953a26000 	C:\Windows\system32\rsaenh.dll
0x00007ff954080000 - 0x00007ff9540a6000 	C:\Windows\SYSTEM32\bcrypt.dll
0x00007ff9543a0000 - 0x00007ff954403000 	C:\Windows\system32\bcryptprimitives.dll
0x00007ff954410000 - 0x00007ff95441b000 	C:\Windows\SYSTEM32\CRYPTBASE.dll
0x0000000073b00000 - 0x0000000073b1a000 	C:\Program Files\Java\jdk1.8.0_111\jre\bin\net.dll
0x00007ff953dd0000 - 0x00007ff953e29000 	C:\Windows\system32\mswsock.dll
0x00007ff94f6e0000 - 0x00007ff94f70a000 	C:\Windows\SYSTEM32\IPHLPAPI.DLL
0x00007ff951c40000 - 0x00007ff951c4a000 	C:\Windows\SYSTEM32\WINNSI.DLL
0x00007ff94d120000 - 0x00007ff94d136000 	C:\Windows\SYSTEM32\dhcpcsvc6.DLL
0x00007ff94d5a0000 - 0x00007ff94d5ba000 	C:\Windows\SYSTEM32\dhcpcsvc.DLL
0x0000000073ae0000 - 0x0000000073af1000 	C:\Program Files\Java\jdk1.8.0_111\jre\bin\nio.dll

VM Arguments:
jvm_args: -Djava.awt.headless=true -Xmx64M -Dfile.encoding=windows-1252 -Duser.country=ZA -Duser.language=en -Duser.variant 
java_command: com.google.devtools.build.android.desugar.Desugar --input C:\Users\Admin\Downloads\Visual Studio Code\AuditionAlert\AuditionAlert\platforms\android\app\build\intermediates\transforms\stackFramesFixer\debug\3.jar --output C:\Users\Admin\Downloads\Visual Studio Code\AuditionAlert\AuditionAlert\platforms\android\app\build\intermediates\transforms\desugar\debug\5.jar --input C:\Users\Admin\Downloads\Visual Studio Code\AuditionAlert\AuditionAlert\platforms\android\app\build\intermediates\transforms\stackFramesFixer\debug\0.jar --output C:\Users\Admin\Downloads\Visual Studio Code\AuditionAlert\AuditionAlert\platforms\android\app\build\intermediates\transforms\desugar\debug\2.jar --classpath_entry C:\Users\Admin\Downloads\Visual Studio Code\AuditionAlert\AuditionAlert\platforms\android\CordovaLib\build\intermediates\intermediate-jars\debug\classes.jar --classpath_entry C:\Users\Admin\Downloads\Visual Studio Code\AuditionAlert\AuditionAlert\platforms\android\app\build\intermediates\classes\debug --classpath_entry C:\Users\Admin\Downloads\Visual Studio Code\AuditionAlert\AuditionAlert\platforms\android\app\build\intermediates\transforms\stackFramesFixer\debug\0.jar --classpath_entry C:\Users\Admin\Downloads\Visual Studio Code\AuditionAlert\AuditionAlert\platforms\android\app\build\intermediates\transforms\stackFramesFixer\debug\1.jar --classpath_entry C:\Users\Admin\Downloads\Visual Studio Code\AuditionAlert\AuditionAlert\platforms\android\app\build\intermediates\transforms\stackFramesFixer\debug\2.jar --classpath_entry C:\Users\Admin\Downloads\Visual Studio Code\AuditionAlert\AuditionAlert\platforms\android\app\build\intermediates\transforms\stackFramesFixer\debug\3.jar --classpath_entry C:\Users\Admin\Downloads\Visual Studio Code\AuditionAlert\AuditionAlert\platforms\android\app\build\intermediates\transforms\stackFramesFixer\debug\4.jar --bootclasspath_entry C:\Users\Admin\AppData\Local\Android\sdk\platforms\android-26\android.jar --bootclasspath_entry C:\
java_class_path (initial): C:\Users\Admin\AppData\Local\Temp\desugar_deploy.jar3030346742675295719
Launcher Type: SUN_STANDARD

Environment Variables:
JAVA_HOME=C:\Program Files\java\jdk1.8.0_111
CLASSPATH=C:\Users\Admin\Downloads\Visual Studio Code\AuditionAlert\AuditionAlert\platforms\android\\gradle\wrapper\gradle-wrapper.jar
PATH=C:\ProgramData\Oracle\Java\javapath;C:\Windows\system32;C:\Windows;C:\Windows\System32\Wbem;C:\Windows\System32\WindowsPowerShell\v1.0\;C:\Program Files\Microsoft SQL Server\120\Tools\Binn\;C:\Program Files\Microsoft SQL Server\120\DTS\Binn\;C:\Program Files\Microsoft SQL Server\Client SDK\ODBC\110\Tools\Binn\;C:\Program Files (x86)\Microsoft SQL Server\120\Tools\Binn\;C:\Program Files (x86)\Microsoft SQL Server\120\Tools\Binn\ManagementStudio\;C:\Program Files (x86)\Microsoft SQL Server\120\DTS\Binn\;C:\Program Files\Microsoft\Web Platform Installer\;C:\Program Files (x86)\Microsoft SDKs\Azure\CLI\wbin;C:\Program Files\Microsoft SQL Server\130\Tools\Binn\;C:\Program Files\dotnet\;C:\Program Files (x86)\Skype\Phone\;C:\Program Files\Git\cmd;C:\Program Files\nodejs\;C:\Users\Admin\.dnx\bin;C:\Program Files (x86)\Microsoft VS Code\bin;C:\Users\Admin\AppData\Roaming\npm;C:\Program Files\java\jdk1.8.0_111\bin;C:\Users\Admin\AppData\Local\Android\sdk\tools;C:\Users\Admin\AppData\Local\Android\sdk\platform-tools;C:\Users\Admin\AppData\Local\Android\sdk\tools\bin
USERNAME=Admin
OS=Windows_NT
PROCESSOR_IDENTIFIER=Intel64 Family 6 Model 61 Stepping 4, GenuineIntel



---------------  S Y S T E M  ---------------

OS: Windows 8.1 , 64 bit Build 9600 (6.3.9600.17415)

CPU:total 4 (2 cores per cpu, 2 threads per core) family 6 model 61 stepping 4, cmov, cx8, fxsr, mmx, sse, sse2, sse3, ssse3, sse4.1, sse4.2, popcnt, avx, avx2, aes, clmul, erms, 3dnowpref, lzcnt, ht, tsc, tscinvbit, bmi1, bmi2, adx

Memory: 4k page, physical 8277100k(187416k free), swap 21212216k(4688k free)

vm_info: Java HotSpot(TM) 64-Bit Server VM (25.111-b14) for windows-amd64 JRE (1.8.0_111-b14), built on Sep 22 2016 19:24:05 by "java_re" with MS VC++ 10.0 (VS2010)

time: Sat Jul 07 02:42:01 2018
elapsed time: 3 seconds (0d 0h 0m 3s)

