#
# There is insufficient memory for the Java Runtime Environment to continue.
# Native memory allocation (malloc) failed to allocate 32744 bytes for ChunkPool::allocate
# Possible reasons:
#   The system is out of physical RAM or swap space
#   In 32 bit mode, the process size limit was hit
# Possible solutions:
#   Reduce memory load on the system
#   Increase physical memory or swap space
#   Check if swap backing store is full
#   Use 64 bit Java on a 64 bit OS
#   Decrease Java heap size (-Xmx/-Xms)
#   Decrease number of Java threads
#   Decrease Java thread stack sizes (-Xss)
#   Set larger code cache with -XX:ReservedCodeCacheSize=
# This output file may be truncated or incomplete.
#
#  Out of Memory Error (allocation.cpp:273), pid=79968, tid=0x0000000000001048
#
# JRE version: Java(TM) SE Runtime Environment (8.0_111-b14) (build 1.8.0_111-b14)
# Java VM: Java HotSpot(TM) 64-Bit Server VM (25.111-b14 mixed mode windows-amd64 compressed oops)
# Failed to write core dump. Minidumps are not enabled by default on client versions of Windows
#

---------------  T H R E A D  ---------------

Current thread (0x0000000012a38000):  JavaThread "C2 CompilerThread1" daemon [_thread_in_native, id=4168, stack(0x0000000014090000,0x0000000014190000)]

Stack: [0x0000000014090000,0x0000000014190000]
[error occurred during error reporting (printing stack bounds), id 0xc0000005]

Native frames: (J=compiled Java code, j=interpreted, Vv=VM code, C=native code)


Current CompileTask:
C2:   3100  855       4       org.objectweb.asm.ClassReader::a (3587 bytes)


---------------  P R O C E S S  ---------------

Java Threads: ( => current thread )
  0x0000000012a8d000 JavaThread "Service Thread" daemon [_thread_blocked, id=79300, stack(0x0000000014690000,0x0000000014790000)]
  0x00000000141a0800 JavaThread "C1 CompilerThread2" daemon [_thread_blocked, id=92372, stack(0x0000000014590000,0x0000000014690000)]
=>0x0000000012a38000 JavaThread "C2 CompilerThread1" daemon [_thread_in_native, id=4168, stack(0x0000000014090000,0x0000000014190000)]
  0x0000000012a4a000 JavaThread "C2 CompilerThread0" daemon [_thread_blocked, id=18868, stack(0x0000000013f90000,0x0000000014090000)]
  0x0000000012a47800 JavaThread "Attach Listener" daemon [_thread_blocked, id=93172, stack(0x0000000013e90000,0x0000000013f90000)]
  0x0000000012a46800 JavaThread "Signal Dispatcher" daemon [_thread_blocked, id=90472, stack(0x0000000013d90000,0x0000000013e90000)]
  0x0000000012a20000 JavaThread "Finalizer" daemon [_thread_blocked, id=90792, stack(0x0000000013c90000,0x0000000013d90000)]
  0x00000000025c9000 JavaThread "Reference Handler" daemon [_thread_blocked, id=91924, stack(0x0000000013b90000,0x0000000013c90000)]
  0x00000000024d6800 JavaThread "main" [_thread_in_native, id=89308, stack(0x0000000002330000,0x0000000002430000)]

Other Threads:
  0x00000000129f9000 VMThread [stack: 0x0000000013a90000,0x0000000013b90000] [id=94192]
  0x00000000141cb800 WatcherThread [stack: 0x0000000014790000,0x0000000014890000] [id=93240]

VM state:not at safepoint (normal execution)

VM Mutex/Monitor currently owned by a thread: None

Heap:
 PSYoungGen      total 18944K, used 17974K [0x00000000feb00000, 0x0000000100000000, 0x0000000100000000)
  eden space 16384K, 94% used [0x00000000feb00000,0x00000000ffa159e8,0x00000000ffb00000)
  from space 2560K, 98% used [0x00000000ffb00000,0x00000000ffd78030,0x00000000ffd80000)
  to   space 2560K, 0% used [0x00000000ffd80000,0x00000000ffd80000,0x0000000100000000)
 ParOldGen       total 44032K, used 1446K [0x00000000fc000000, 0x00000000feb00000, 0x00000000feb00000)
  object space 44032K, 3% used [0x00000000fc000000,0x00000000fc169990,0x00000000feb00000)
 Metaspace       used 7602K, capacity 7816K, committed 7936K, reserved 1056768K
  class space    used 904K, capacity 988K, committed 1024K, reserved 1048576K

Card table byte_map: [0x0000000002430000,0x0000000002460000] byte_map_base: 0x0000000001c50000

Marking Bits: (ParMarkBitMap*) 0x000000007439a6c0
 Begin Bits: [0x0000000011e90000, 0x0000000011f90000)
 End Bits:   [0x0000000011f90000, 0x0000000012090000)

Polling page: 0x00000000009c0000

CodeCache: size=245760Kb used=3436Kb max_used=3440Kb free=242324Kb
 bounds [0x00000000026d0000, 0x0000000002a30000, 0x00000000116d0000]
 total_blobs=1231 nmethods=898 adapters=246
 compilation: enabled

Compilation events (10 events):
Event: 2.466 Thread 0x0000000012a4a000  895       4       java.util.ArrayList::get (11 bytes)
Event: 2.467 Thread 0x0000000012a4a000 nmethod 895 0x0000000002a2db10 code [0x0000000002a2dc40, 0x0000000002a2dcf8]
Event: 2.475 Thread 0x0000000012a4a000  896  s    4       java.io.BufferedOutputStream::write (35 bytes)
Event: 2.477 Thread 0x0000000012a4a000 nmethod 896 0x0000000002a2c110 code [0x0000000002a2c260, 0x0000000002a2c4d8]
Event: 2.477 Thread 0x00000000141a0800  897  s    3       java.io.BufferedOutputStream::write (67 bytes)
Event: 2.478 Thread 0x00000000141a0800 nmethod 897 0x0000000002a2b410 code [0x0000000002a2b5e0, 0x0000000002a2be38]
Event: 2.478 Thread 0x00000000141a0800  898       3       java.nio.Buffer::position (43 bytes)
Event: 2.478 Thread 0x00000000141a0800 nmethod 898 0x0000000002a2ae50 code [0x0000000002a2afc0, 0x0000000002a2b288]
Event: 2.609 Thread 0x00000000141a0800  899  s    3       java.io.BufferedOutputStream::write (35 bytes)
Event: 2.610 Thread 0x00000000141a0800 nmethod 899 0x0000000002a2d2d0 code [0x0000000002a2d460, 0x0000000002a2d928]

GC Heap History (2 events):
Event: 1.537 GC heap before
{Heap before GC invocations=1 (full 0):
 PSYoungGen      total 18944K, used 16384K [0x00000000feb00000, 0x0000000100000000, 0x0000000100000000)
  eden space 16384K, 100% used [0x00000000feb00000,0x00000000ffb00000,0x00000000ffb00000)
  from space 2560K, 0% used [0x00000000ffd80000,0x00000000ffd80000,0x0000000100000000)
  to   space 2560K, 0% used [0x00000000ffb00000,0x00000000ffb00000,0x00000000ffd80000)
 ParOldGen       total 44032K, used 0K [0x00000000fc000000, 0x00000000feb00000, 0x00000000feb00000)
  object space 44032K, 0% used [0x00000000fc000000,0x00000000fc000000,0x00000000feb00000)
 Metaspace       used 6614K, capacity 6778K, committed 7040K, reserved 1056768K
  class space    used 802K, capacity 855K, committed 896K, reserved 1048576K
Event: 1.561 GC heap after
Heap after GC invocations=1 (full 0):
 PSYoungGen      total 18944K, used 2528K [0x00000000feb00000, 0x0000000100000000, 0x0000000100000000)
  eden space 16384K, 0% used [0x00000000feb00000,0x00000000feb00000,0x00000000ffb00000)
  from space 2560K, 98% used [0x00000000ffb00000,0x00000000ffd78030,0x00000000ffd80000)
  to   space 2560K, 0% used [0x00000000ffd80000,0x00000000ffd80000,0x0000000100000000)
 ParOldGen       total 44032K, used 1446K [0x00000000fc000000, 0x00000000feb00000, 0x00000000feb00000)
  object space 44032K, 3% used [0x00000000fc000000,0x00000000fc169990,0x00000000feb00000)
 Metaspace       used 6614K, capacity 6778K, committed 7040K, reserved 1056768K
  class space    used 802K, capacity 855K, committed 896K, reserved 1048576K
}

Deoptimization events (10 events):
Event: 1.484 Thread 0x00000000024d6800 Uncommon trap: reason=unstable_if action=reinterpret pc=0x00000000028fa1d8 method=java.util.zip.ZipEntry.setExtra0([BZ)V @ 1
Event: 1.496 Thread 0x00000000024d6800 Uncommon trap: reason=unstable_if action=reinterpret pc=0x00000000028f849c method=java.util.zip.ZipFile$ZipEntryIterator.hasNext()Z @ 25
Event: 1.496 Thread 0x00000000024d6800 Uncommon trap: reason=unstable_if action=reinterpret pc=0x0000000002900c88 method=java.util.zip.ZipCoder.decoder()Ljava/nio/charset/CharsetDecoder; @ 4
Event: 1.498 Thread 0x00000000024d6800 Uncommon trap: reason=unstable_if action=reinterpret pc=0x00000000028f7e1c method=java.util.zip.ZipFile$ZipEntryIterator.hasNext()Z @ 25
Event: 1.498 Thread 0x00000000024d6800 Uncommon trap: reason=unstable_if action=reinterpret pc=0x000000000290335c method=java.util.zip.ZipCoder.decoder()Ljava/nio/charset/CharsetDecoder; @ 4
Event: 1.586 Thread 0x00000000024d6800 Uncommon trap: reason=unstable_if action=reinterpret pc=0x000000000290581c method=java.util.zip.ZipCoder.decoder()Ljava/nio/charset/CharsetDecoder; @ 4
Event: 1.586 Thread 0x00000000024d6800 Uncommon trap: reason=unstable_if action=reinterpret pc=0x00000000028f906c method=java.util.zip.ZipCoder.decoder()Ljava/nio/charset/CharsetDecoder; @ 4
Event: 1.642 Thread 0x00000000024d6800 Uncommon trap: reason=unloaded action=reinterpret pc=0x000000000290c1bc method=java.util.zip.ZipEntry.setExtra0([BZ)V @ 37
Event: 2.003 Thread 0x00000000024d6800 Uncommon trap: reason=unstable_if action=reinterpret pc=0x00000000028615b8 method=java.lang.String.<init>([CII)V @ 18
Event: 2.477 Thread 0x00000000024d6800 Uncommon trap: reason=unstable_if action=reinterpret pc=0x0000000002a2c4a8 method=java.io.BufferedOutputStream.write(I)V @ 9

Internal exceptions (10 events):
Event: 1.586 Thread 0x00000000024d6800 Implicit null exception at 0x00000000028f8a64 to 0x00000000028f903d
Event: 1.658 Thread 0x00000000024d6800 Exception <a 'sun/nio/fs/WindowsException'> (0x00000000ff217480) thrown at [C:\re\workspace\8-2-build-windows-amd64-cygwin\jdk8u111\7883\hotspot\src\share\vm\prims\jni.cpp, line 709]
Event: 1.658 Thread 0x00000000024d6800 Exception <a 'sun/nio/fs/WindowsException'> (0x00000000ff217a50) thrown at [C:\re\workspace\8-2-build-windows-amd64-cygwin\jdk8u111\7883\hotspot\src\share\vm\prims\jni.cpp, line 709]
Event: 1.658 Thread 0x00000000024d6800 Exception <a 'sun/nio/fs/WindowsException'> (0x00000000ff218028) thrown at [C:\re\workspace\8-2-build-windows-amd64-cygwin\jdk8u111\7883\hotspot\src\share\vm\prims\jni.cpp, line 709]
Event: 1.658 Thread 0x00000000024d6800 Exception <a 'sun/nio/fs/WindowsException'> (0x00000000ff2187f8) thrown at [C:\re\workspace\8-2-build-windows-amd64-cygwin\jdk8u111\7883\hotspot\src\share\vm\prims\jni.cpp, line 709]
Event: 1.658 Thread 0x00000000024d6800 Exception <a 'sun/nio/fs/WindowsException'> (0x00000000ff218da8) thrown at [C:\re\workspace\8-2-build-windows-amd64-cygwin\jdk8u111\7883\hotspot\src\share\vm\prims\jni.cpp, line 709]
Event: 1.658 Thread 0x00000000024d6800 Exception <a 'sun/nio/fs/WindowsException'> (0x00000000ff219558) thrown at [C:\re\workspace\8-2-build-windows-amd64-cygwin\jdk8u111\7883\hotspot\src\share\vm\prims\jni.cpp, line 709]
Event: 1.670 Thread 0x00000000024d6800 Exception <a 'sun/nio/fs/WindowsException'> (0x00000000ff21e930) thrown at [C:\re\workspace\8-2-build-windows-amd64-cygwin\jdk8u111\7883\hotspot\src\share\vm\prims\jni.cpp, line 709]
Event: 1.768 Thread 0x00000000024d6800 Exception <a 'sun/nio/fs/WindowsException'> (0x00000000ff340b18) thrown at [C:\re\workspace\8-2-build-windows-amd64-cygwin\jdk8u111\7883\hotspot\src\share\vm\prims\jni.cpp, line 709]
Event: 1.768 Thread 0x00000000024d6800 Exception <a 'sun/nio/fs/WindowsException'> (0x00000000ff341110) thrown at [C:\re\workspace\8-2-build-windows-amd64-cygwin\jdk8u111\7883\hotspot\src\share\vm\prims\jni.cpp, line 709]

Events (10 events):
Event: 2.008 loading class org/objectweb/asm/tree/TryCatchBlockNode done
Event: 2.009 loading class org/objectweb/asm/Handler
Event: 2.009 loading class org/objectweb/asm/Handler done
Event: 2.012 loading class org/objectweb/asm/Opcodes
Event: 2.012 loading class org/objectweb/asm/Opcodes done
Event: 2.470 loading class java/util/Vector$Itr
Event: 2.470 loading class java/util/Vector$Itr done
Event: 2.477 Thread 0x00000000024d6800 Uncommon trap: trap_request=0xffffff65 fr.pc=0x0000000002a2c4a8
Event: 2.477 Thread 0x00000000024d6800 DEOPT PACKING pc=0x0000000002a2c4a8 sp=0x000000000242ecf0
Event: 2.477 Thread 0x00000000024d6800 DEOPT UNPACKING pc=0x000000000271582a sp=0x000000000242eca0 mode 2


Dynamic libraries:
0x00007ff65ba40000 - 0x00007ff65ba77000 	C:\Program Files\Java\jdk1.8.0_111\bin\java.exe
0x00007ff957410000 - 0x00007ff9575bd000 	C:\Windows\SYSTEM32\ntdll.dll
0x00007ff956950000 - 0x00007ff956a8e000 	C:\Windows\system32\KERNEL32.DLL
0x00007ff9547f0000 - 0x00007ff954905000 	C:\Windows\system32\KERNELBASE.dll
0x00007ff953100000 - 0x00007ff95318e000 	C:\Windows\system32\apphelp.dll
0x00007ff92d960000 - 0x00007ff92d9b3000 	C:\Windows\AppPatch\AppPatch64\AcGenral.DLL
0x00007ff956e60000 - 0x00007ff956f0a000 	C:\Windows\system32\msvcrt.dll
0x00007ff954a70000 - 0x00007ff954a9e000 	C:\Windows\system32\SspiCli.dll
0x00007ff9568f0000 - 0x00007ff956944000 	C:\Windows\system32\SHLWAPI.dll
0x00007ff954aa0000 - 0x00007ff954c17000 	C:\Windows\system32\USER32.dll
0x00007ff956670000 - 0x00007ff956804000 	C:\Windows\system32\ole32.dll
0x00007ff954fb0000 - 0x00007ff9564d9000 	C:\Windows\system32\SHELL32.dll
0x00007ff953ae0000 - 0x00007ff953b01000 	C:\Windows\SYSTEM32\USERENV.dll
0x00007ff956f90000 - 0x00007ff95703a000 	C:\Windows\system32\ADVAPI32.dll
0x00007ff94a080000 - 0x00007ff94a09e000 	C:\Windows\SYSTEM32\MPR.dll
0x00007ff9570b0000 - 0x00007ff9571f0000 	C:\Windows\system32\RPCRT4.dll
0x00007ff954de0000 - 0x00007ff954e39000 	C:\Windows\SYSTEM32\sechost.dll
0x00007ff956a90000 - 0x00007ff956ca2000 	C:\Windows\SYSTEM32\combase.dll
0x00007ff954e60000 - 0x00007ff954fab000 	C:\Windows\system32\GDI32.dll
0x00007ff954540000 - 0x00007ff954555000 	C:\Windows\SYSTEM32\profapi.dll
0x00007ff952ab0000 - 0x00007ff952b62000 	C:\Windows\SYSTEM32\SHCORE.dll
0x00007ff9573d0000 - 0x00007ff957406000 	C:\Windows\system32\IMM32.DLL
0x00007ff954c20000 - 0x00007ff954d72000 	C:\Windows\system32\MSCTF.dll
0x00007ff952410000 - 0x00007ff95268b000 	C:\Windows\WinSxS\amd64_microsoft.windows.common-controls_6595b64144ccf1df_6.0.9600.18006_none_623f33d3ecbe86e8\COMCTL32.dll
0x0000000074420000 - 0x00000000744f2000 	C:\Program Files\Java\jdk1.8.0_111\jre\bin\msvcr100.dll
0x0000000073b80000 - 0x000000007441a000 	C:\Program Files\Java\jdk1.8.0_111\jre\bin\server\jvm.dll
0x00007ff94b7a0000 - 0x00007ff94b7a9000 	C:\Windows\SYSTEM32\WSOCK32.dll
0x00007ff94b950000 - 0x00007ff94b972000 	C:\Windows\SYSTEM32\WINMM.dll
0x00007ff94c380000 - 0x00007ff94c38a000 	C:\Windows\SYSTEM32\VERSION.dll
0x00007ff9568e0000 - 0x00007ff9568e7000 	C:\Windows\system32\PSAPI.DLL
0x00007ff954d80000 - 0x00007ff954dda000 	C:\Windows\system32\WS2_32.dll
0x00007ff94b920000 - 0x00007ff94b94a000 	C:\Windows\SYSTEM32\WINMMBASE.dll
0x00007ff956f10000 - 0x00007ff956f19000 	C:\Windows\system32\NSI.dll
0x00007ff954a20000 - 0x00007ff954a6f000 	C:\Windows\SYSTEM32\cfgmgr32.dll
0x00007ff953350000 - 0x00007ff953378000 	C:\Windows\SYSTEM32\DEVOBJ.dll
0x0000000073b70000 - 0x0000000073b7f000 	C:\Program Files\Java\jdk1.8.0_111\jre\bin\verify.dll
0x0000000073b40000 - 0x0000000073b69000 	C:\Program Files\Java\jdk1.8.0_111\jre\bin\java.dll
0x0000000073b20000 - 0x0000000073b36000 	C:\Program Files\Java\jdk1.8.0_111\jre\bin\zip.dll
0x00007ff953fb0000 - 0x00007ff953fd0000 	C:\Windows\SYSTEM32\CRYPTSP.dll
0x00007ff9539f0000 - 0x00007ff953a26000 	C:\Windows\system32\rsaenh.dll
0x00007ff954080000 - 0x00007ff9540a6000 	C:\Windows\SYSTEM32\bcrypt.dll
0x00007ff9543a0000 - 0x00007ff954403000 	C:\Windows\system32\bcryptprimitives.dll
0x00007ff954410000 - 0x00007ff95441b000 	C:\Windows\SYSTEM32\CRYPTBASE.dll
0x0000000073b00000 - 0x0000000073b1a000 	C:\Program Files\Java\jdk1.8.0_111\jre\bin\net.dll
0x00007ff953dd0000 - 0x00007ff953e29000 	C:\Windows\system32\mswsock.dll
0x00007ff94f6e0000 - 0x00007ff94f70a000 	C:\Windows\SYSTEM32\IPHLPAPI.DLL
0x00007ff951c40000 - 0x00007ff951c4a000 	C:\Windows\SYSTEM32\WINNSI.DLL
0x00007ff94d120000 - 0x00007ff94d136000 	C:\Windows\SYSTEM32\dhcpcsvc6.DLL
0x00007ff94d5a0000 - 0x00007ff94d5ba000 	C:\Windows\SYSTEM32\dhcpcsvc.DLL
0x0000000073ae0000 - 0x0000000073af1000 	C:\Program Files\Java\jdk1.8.0_111\jre\bin\nio.dll

VM Arguments:
jvm_args: -Djava.awt.headless=true -Xmx64M -Dfile.encoding=windows-1252 -Duser.country=ZA -Duser.language=en -Duser.variant 
java_command: com.google.devtools.build.android.desugar.Desugar --input C:\Users\Admin\Downloads\Visual Studio Code\AuditionAlert\AuditionAlert\platforms\android\CordovaLib\build\intermediates\intermediate-jars\debug\classes.jar --output C:\Users\Admin\Downloads\Visual Studio Code\AuditionAlert\AuditionAlert\platforms\android\app\build\intermediates\transforms\desugar\debug\0.jar --input C:\Users\Admin\Downloads\Visual Studio Code\AuditionAlert\AuditionAlert\platforms\android\app\build\intermediates\transforms\stackFramesFixer\debug\4.jar --output C:\Users\Admin\Downloads\Visual Studio Code\AuditionAlert\AuditionAlert\platforms\android\app\build\intermediates\transforms\desugar\debug\6.jar --classpath_entry C:\Users\Admin\Downloads\Visual Studio Code\AuditionAlert\AuditionAlert\platforms\android\CordovaLib\build\intermediates\intermediate-jars\debug\classes.jar --classpath_entry C:\Users\Admin\Downloads\Visual Studio Code\AuditionAlert\AuditionAlert\platforms\android\app\build\intermediates\classes\debug --classpath_entry C:\Users\Admin\Downloads\Visual Studio Code\AuditionAlert\AuditionAlert\platforms\android\app\build\intermediates\transforms\stackFramesFixer\debug\0.jar --classpath_entry C:\Users\Admin\Downloads\Visual Studio Code\AuditionAlert\AuditionAlert\platforms\android\app\build\intermediates\transforms\stackFramesFixer\debug\1.jar --classpath_entry C:\Users\Admin\Downloads\Visual Studio Code\AuditionAlert\AuditionAlert\platforms\android\app\build\intermediates\transforms\stackFramesFixer\debug\2.jar --classpath_entry C:\Users\Admin\Downloads\Visual Studio Code\AuditionAlert\AuditionAlert\platforms\android\app\build\intermediates\transforms\stackFramesFixer\debug\3.jar --classpath_entry C:\Users\Admin\Downloads\Visual Studio Code\AuditionAlert\AuditionAlert\platforms\android\app\build\intermediates\transforms\stackFramesFixer\debug\4.jar --bootclasspath_entry C:\Users\Admin\AppData\Local\Android\sdk\platforms\android-26\android.jar --bootclasspath_entry 
java_class_path (initial): C:\Users\Admin\AppData\Local\Temp\desugar_deploy.jar3030346742675295719
Launcher Type: SUN_STANDARD

Environment Variables:
JAVA_HOME=C:\Program Files\java\jdk1.8.0_111
CLASSPATH=C:\Users\Admin\Downloads\Visual Studio Code\AuditionAlert\AuditionAlert\platforms\android\\gradle\wrapper\gradle-wrapper.jar
PATH=C:\ProgramData\Oracle\Java\javapath;C:\Windows\system32;C:\Windows;C:\Windows\System32\Wbem;C:\Windows\System32\WindowsPowerShell\v1.0\;C:\Program Files\Microsoft SQL Server\120\Tools\Binn\;C:\Program Files\Microsoft SQL Server\120\DTS\Binn\;C:\Program Files\Microsoft SQL Server\Client SDK\ODBC\110\Tools\Binn\;C:\Program Files (x86)\Microsoft SQL Server\120\Tools\Binn\;C:\Program Files (x86)\Microsoft SQL Server\120\Tools\Binn\ManagementStudio\;C:\Program Files (x86)\Microsoft SQL Server\120\DTS\Binn\;C:\Program Files\Microsoft\Web Platform Installer\;C:\Program Files (x86)\Microsoft SDKs\Azure\CLI\wbin;C:\Program Files\Microsoft SQL Server\130\Tools\Binn\;C:\Program Files\dotnet\;C:\Program Files (x86)\Skype\Phone\;C:\Program Files\Git\cmd;C:\Program Files\nodejs\;C:\Users\Admin\.dnx\bin;C:\Program Files (x86)\Microsoft VS Code\bin;C:\Users\Admin\AppData\Roaming\npm;C:\Program Files\java\jdk1.8.0_111\bin;C:\Users\Admin\AppData\Local\Android\sdk\tools;C:\Users\Admin\AppData\Local\Android\sdk\platform-tools;C:\Users\Admin\AppData\Local\Android\sdk\tools\bin
USERNAME=Admin
OS=Windows_NT
PROCESSOR_IDENTIFIER=Intel64 Family 6 Model 61 Stepping 4, GenuineIntel



---------------  S Y S T E M  ---------------

OS: Windows 8.1 , 64 bit Build 9600 (6.3.9600.17415)

CPU:total 4 (2 cores per cpu, 2 threads per core) family 6 model 61 stepping 4, cmov, cx8, fxsr, mmx, sse, sse2, sse3, ssse3, sse4.1, sse4.2, popcnt, avx, avx2, aes, clmul, erms, 3dnowpref, lzcnt, ht, tsc, tscinvbit, bmi1, bmi2, adx

Memory: 4k page, physical 8277100k(187568k free), swap 21212216k(4780k free)

vm_info: Java HotSpot(TM) 64-Bit Server VM (25.111-b14) for windows-amd64 JRE (1.8.0_111-b14), built on Sep 22 2016 19:24:05 by "java_re" with MS VC++ 10.0 (VS2010)

time: Sat Jul 07 02:42:01 2018
elapsed time: 3 seconds (0d 0h 0m 3s)

